<?xml version="1.0" encoding="UTF-8"?>
<testsuites>
    <testsuite name="swedenbank;i-log-in-with-username-&quot;pelle&quot;-and-password-&quot;123456&quot;" tests="5" failures="1" skipped="0">
        <properties>
            <property name="URI" value="C:\Users\August\Downloads\testrapportering\swedenbank-PPAAFS\features\us1.feature">
            </property>
        </properties>
        <testcase name="Given I am on the logging page" classname="swedenbank;i-log-in-with-username-&quot;pelle&quot;-and-password-&quot;123456&quot;" time="6.89921">
        </testcase>
        <testcase name="When I enter the username &quot;Pelle&quot;" classname="swedenbank;i-log-in-with-username-&quot;pelle&quot;-and-password-&quot;123456&quot;" time="0.170380899">
        </testcase>
        <testcase name="And I enter the password &quot;123456&quot;" classname="swedenbank;i-log-in-with-username-&quot;pelle&quot;-and-password-&quot;123456&quot;" time="0.1110138">
        </testcase>
        <testcase name="And I click on the loggainbutton" classname="swedenbank;i-log-in-with-username-&quot;pelle&quot;-and-password-&quot;123456&quot;" time="2.191570099">
        </testcase>
        <testcase name="Then I can see my accountpage" classname="swedenbank;i-log-in-with-username-&quot;pelle&quot;-and-password-&quot;123456&quot;" time="2.0856841">
            <failure message="AssertionError [ERR_ASSERTION]: You must provide passed  - true for PASSED, false for FAILED">AssertionError [ERR_ASSERTION]: You must provide passed  - true for PASSED, false for FAILED
    at Function.testResult (C:\Users\August\Downloads\testrapportering\swedenbank-PPAAFS\node_modules\ares-helper\index.js:131:5)
    at createWorld.&lt;anonymous&gt; (C:\Users\August\Downloads\testrapportering\swedenbank-PPAAFS\step-definitions\us1.js:52:16)</failure>
        </testcase>
    </testsuite>
</testsuites>